c:\users\alex\source\repos\audioconverter\audioconverter\debug\audioconverter.myform.resources
c:\users\alex\source\repos\audioconverter\audioconverter\debug\audioconverter.myform2.resources
c:\users\alex\source\repos\audioconverter\audioconverter\debug\audioconverter.myform3.resources
c:\users\alex\source\repos\audioconverter\audioconverter\debug\vc141.pdb
c:\users\alex\source\repos\audioconverter\audioconverter\debug\.netframework,version=v4.6.1.assemblyattributes.obj
c:\users\alex\source\repos\audioconverter\audioconverter\debug\.netframework,version=v4.6.1.assemblyattributes.asm
c:\users\alex\source\repos\audioconverter\audioconverter\debug\myform1.obj
c:\users\alex\source\repos\audioconverter\audioconverter\debug\myform3.obj
c:\users\alex\source\repos\audioconverter\audioconverter\debug\myform2.obj
c:\users\alex\source\repos\audioconverter\audioconverter\debug\myform.obj
c:\users\alex\source\repos\audioconverter\debug\audioconverter.exe
c:\users\alex\source\repos\audioconverter\debug\audioconverter.pdb
c:\users\alex\source\repos\audioconverter\audioconverter\debug\audioconverter.vcxproj.generateresource.cache
c:\users\alex\source\repos\audioconverter\audioconverter\debug\audioconverter.vcxprojassemblyreference.cache
c:\users\alex\source\repos\audioconverter\audioconverter\debug\audioconverter.tlog\audioconverter.write.1u.tlog
c:\users\alex\source\repos\audioconverter\audioconverter\debug\audioconverter.tlog\cl.command.1.tlog
c:\users\alex\source\repos\audioconverter\audioconverter\debug\audioconverter.tlog\cl.read.1.tlog
c:\users\alex\source\repos\audioconverter\audioconverter\debug\audioconverter.tlog\cl.write.1.tlog
c:\users\alex\source\repos\audioconverter\audioconverter\debug\audioconverter.tlog\link.command.1.tlog
c:\users\alex\source\repos\audioconverter\audioconverter\debug\audioconverter.tlog\link.read.1.tlog
c:\users\alex\source\repos\audioconverter\audioconverter\debug\audioconverter.tlog\link.write.1.tlog
c:\users\alex\source\repos\audioconverter\audioconverter\debug\audioconverter.tlog\metagen.read.1.tlog
c:\users\alex\source\repos\audioconverter\audioconverter\debug\audioconverter.tlog\metagen.write.1.tlog
